Executing norminette on: /home/vscode/src/helloworld.c
line: Error: SPACE_BEFORE_FUNC    (line:  15, col:   4):	space before function name
line: Error: BRACE_NEWLINE        (line:  15, col:  16):	Expected newline before brace
line: Error: TOO_FEW_TAB          (line:  16, col:   1):	Missing tabs for indent level
line: Error: SPACE_REPLACE_TAB    (line:  16, col:   5):	Found space when expecting tab
line: Error: TOO_FEW_TAB          (line:  17, col:   1):	Missing tabs for indent level
line: Error: SPACE_REPLACE_TAB    (line:  17, col:   5):	Found space when expecting tab
line: Error: TOO_FEW_TAB          (line:  18, col:   1):	Missing tabs for indent level
line: Error: SPACE_REPLACE_TAB    (line:  18, col:   5):	Found space when expecting tab
norm info: [{"fullText":" SPACE_BEFORE_FUNC    (line:  15, col:   4):\tspace before function name","error":"SPACE_BEFORE_FUNC","line":14,"col":3,"errorText":"Space before function name"},{"fullText":" BRACE_NEWLINE        (line:  15, col:  16):\tExpected newline before brace","error":"BRACE_NEWLINE","line":14,"col":15,"errorText":"Expected newline before brace"},{"fullText":" TOO_FEW_TAB          (line:  16, col:   1):\tMissing tabs for indent level","error":"TOO_FEW_TAB","line":15,"col":0,"errorText":"Missing tabs for indent level"},{"fullText":" SPACE_REPLACE_TAB    (line:  16, col:   5):\tFound space when expecting tab","error":"SPACE_REPLACE_TAB","line":15,"col":4,"errorText":"Found space when expecting tab"},{"fullText":" TOO_FEW_TAB          (line:  17, col:   1):\tMissing tabs for indent level","error":"TOO_FEW_TAB","line":16,"col":0,"errorText":"Missing tabs for indent level"},{"fullText":" SPACE_REPLACE_TAB    (line:  17, col:   5):\tFound space when expecting tab","error":"SPACE_REPLACE_TAB","line":16,"col":4,"errorText":"Found space when expecting tab"},{"fullText":" TOO_FEW_TAB          (line:  18, col:   1):\tMissing tabs for indent level","error":"TOO_FEW_TAB","line":17,"col":0,"errorText":"Missing tabs for indent level"},{"fullText":" SPACE_REPLACE_TAB    (line:  18, col:   5):\tFound space when expecting tab","error":"SPACE_REPLACE_TAB","line":17,"col":4,"errorText":"Found space when expecting tab"}]
Executing norminette on: /home/vscode/src/helloworld.c
line: Error: SPACE_BEFORE_FUNC    (line:  15, col:   4):	space before function name
line: Error: BRACE_NEWLINE        (line:  15, col:  16):	Expected newline before brace
line: Error: TOO_FEW_TAB          (line:  16, col:   1):	Missing tabs for indent level
line: Error: SPACE_REPLACE_TAB    (line:  16, col:   5):	Found space when expecting tab
line: Error: TOO_FEW_TAB          (line:  17, col:   1):	Missing tabs for indent level
line: Error: SPACE_REPLACE_TAB    (line:  17, col:   5):	Found space when expecting tab
line: Error: TOO_FEW_TAB          (line:  18, col:   1):	Missing tabs for indent level
line: Error: SPACE_REPLACE_TAB    (line:  18, col:   5):	Found space when expecting tab
norm info: [{"fullText":" SPACE_BEFORE_FUNC    (line:  15, col:   4):\tspace before function name","error":"SPACE_BEFORE_FUNC","line":14,"col":3,"errorText":"Space before function name"},{"fullText":" BRACE_NEWLINE        (line:  15, col:  16):\tExpected newline before brace","error":"BRACE_NEWLINE","line":14,"col":15,"errorText":"Expected newline before brace"},{"fullText":" TOO_FEW_TAB          (line:  16, col:   1):\tMissing tabs for indent level","error":"TOO_FEW_TAB","line":15,"col":0,"errorText":"Missing tabs for indent level"},{"fullText":" SPACE_REPLACE_TAB    (line:  16, col:   5):\tFound space when expecting tab","error":"SPACE_REPLACE_TAB","line":15,"col":4,"errorText":"Found space when expecting tab"},{"fullText":" TOO_FEW_TAB          (line:  17, col:   1):\tMissing tabs for indent level","error":"TOO_FEW_TAB","line":16,"col":0,"errorText":"Missing tabs for indent level"},{"fullText":" SPACE_REPLACE_TAB    (line:  17, col:   5):\tFound space when expecting tab","error":"SPACE_REPLACE_TAB","line":16,"col":4,"errorText":"Found space when expecting tab"},{"fullText":" TOO_FEW_TAB          (line:  18, col:   1):\tMissing tabs for indent level","error":"TOO_FEW_TAB","line":17,"col":0,"errorText":"Missing tabs for indent level"},{"fullText":" SPACE_REPLACE_TAB    (line:  18, col:   5):\tFound space when expecting tab","error":"SPACE_REPLACE_TAB","line":17,"col":4,"errorText":"Found space when expecting tab"}]
Executing norminette on: /home/vscode/src/helloworld.c
line: Error: SPACE_BEFORE_FUNC    (line:  15, col:   4):	space before function name
line: Error: BRACE_NEWLINE        (line:  15, col:  16):	Expected newline before brace
line: Error: TOO_FEW_TAB          (line:  16, col:   1):	Missing tabs for indent level
line: Error: SPACE_REPLACE_TAB    (line:  16, col:   5):	Found space when expecting tab
line: Error: TOO_FEW_TAB          (line:  17, col:   1):	Missing tabs for indent level
line: Error: SPACE_REPLACE_TAB    (line:  17, col:   5):	Found space when expecting tab
line: Error: TOO_FEW_TAB          (line:  18, col:   1):	Missing tabs for indent level
line: Error: SPACE_REPLACE_TAB    (line:  18, col:   5):	Found space when expecting tab
norm info: [{"fullText":" SPACE_BEFORE_FUNC    (line:  15, col:   4):\tspace before function name","error":"SPACE_BEFORE_FUNC","line":14,"col":3,"errorText":"Space before function name"},{"fullText":" BRACE_NEWLINE        (line:  15, col:  16):\tExpected newline before brace","error":"BRACE_NEWLINE","line":14,"col":15,"errorText":"Expected newline before brace"},{"fullText":" TOO_FEW_TAB          (line:  16, col:   1):\tMissing tabs for indent level","error":"TOO_FEW_TAB","line":15,"col":0,"errorText":"Missing tabs for indent level"},{"fullText":" SPACE_REPLACE_TAB    (line:  16, col:   5):\tFound space when expecting tab","error":"SPACE_REPLACE_TAB","line":15,"col":4,"errorText":"Found space when expecting tab"},{"fullText":" TOO_FEW_TAB          (line:  17, col:   1):\tMissing tabs for indent level","error":"TOO_FEW_TAB","line":16,"col":0,"errorText":"Missing tabs for indent level"},{"fullText":" SPACE_REPLACE_TAB    (line:  17, col:   5):\tFound space when expecting tab","error":"SPACE_REPLACE_TAB","line":16,"col":4,"errorText":"Found space when expecting tab"},{"fullText":" TOO_FEW_TAB          (line:  18, col:   1):\tMissing tabs for indent level","error":"TOO_FEW_TAB","line":17,"col":0,"errorText":"Missing tabs for indent level"},{"fullText":" SPACE_REPLACE_TAB    (line:  18, col:   5):\tFound space when expecting tab","error":"SPACE_REPLACE_TAB","line":17,"col":4,"errorText":"Found space when expecting tab"}]
