[2021-10-05 07:47:53.681] [exthost] [info] extension host started
[2021-10-05 07:47:53.756] [exthost] [info] ExtensionService#_doActivateExtension vscode.debug-auto-launch {"startup":true,"extensionId":{"value":"vscode.debug-auto-launch","_lower":"vscode.debug-auto-launch"},"activationEvent":"*"}
[2021-10-05 07:47:53.758] [exthost] [info] ExtensionService#loadCommonJSModule file:///home/vscode/.vscode-server/bin/7f6ab5485bbc008386c4386d08766667e155244e/extensions/debug-auto-launch/dist/extension
[2021-10-05 07:47:53.785] [exthost] [info] ExtensionService#_doActivateExtension vscode.git {"startup":true,"extensionId":{"value":"vscode.github","_lower":"vscode.github"},"activationEvent":"*"}
[2021-10-05 07:47:53.786] [exthost] [info] ExtensionService#loadCommonJSModule file:///home/vscode/.vscode-server/bin/7f6ab5485bbc008386c4386d08766667e155244e/extensions/git/dist/main
[2021-10-05 07:47:54.054] [exthost] [info] Lock '/home/vscode/.vscode-server/data/User/workspaceStorage/ca60a3ff539a67341789ef9e4884f685/vscode.lock': Lock acquired.
[2021-10-05 07:47:54.246] [exthost] [info] ExtensionService#_doActivateExtension vscode.github {"startup":true,"extensionId":{"value":"vscode.github","_lower":"vscode.github"},"activationEvent":"*"}
[2021-10-05 07:47:54.247] [exthost] [info] ExtensionService#loadCommonJSModule file:///home/vscode/.vscode-server/bin/7f6ab5485bbc008386c4386d08766667e155244e/extensions/github/dist/extension.js
[2021-10-05 07:47:54.302] [exthost] [info] ExtensionService#_doActivateExtension vscode.emmet {"startup":false,"extensionId":{"value":"vscode.emmet","_lower":"vscode.emmet"},"activationEvent":"onStartupFinished"}
[2021-10-05 07:47:54.303] [exthost] [info] ExtensionService#loadCommonJSModule file:///home/vscode/.vscode-server/bin/7f6ab5485bbc008386c4386d08766667e155244e/extensions/emmet/dist/node/emmetNodeMain
[2021-10-05 07:47:54.358] [exthost] [info] ExtensionService#_doActivateExtension vscode.merge-conflict {"startup":false,"extensionId":{"value":"vscode.merge-conflict","_lower":"vscode.merge-conflict"},"activationEvent":"onStartupFinished"}
[2021-10-05 07:47:54.360] [exthost] [info] ExtensionService#loadCommonJSModule file:///home/vscode/.vscode-server/bin/7f6ab5485bbc008386c4386d08766667e155244e/extensions/merge-conflict/dist/mergeConflictMain
[2021-10-05 07:47:54.376] [exthost] [info] eager extensions activated
[2021-10-05 07:47:54.439] [exthost] [info] ExtensionService#_doActivateExtension ms-vscode.js-debug {"startup":false,"extensionId":{"value":"ms-vscode.js-debug","_lower":"ms-vscode.js-debug"},"activationEvent":"onCommand:extension.js-debug.clearAutoAttachVariables"}
[2021-10-05 07:47:54.440] [exthost] [info] ExtensionService#loadCommonJSModule file:///home/vscode/.vscode-server/bin/7f6ab5485bbc008386c4386d08766667e155244e/extensions/ms-vscode.js-debug/src/extension.js
[2021-10-05 07:47:55.256] [exthost] [info] ExtensionService#_doActivateExtension MariusvanWijk-JoppeKoers.codam-norminette-3 {"startup":false,"extensionId":{"value":"MariusvanWijk-JoppeKoers.codam-norminette-3","_lower":"mariusvanwijk-joppekoers.codam-norminette-3"},"activationEvent":"*"}
[2021-10-05 07:47:55.257] [exthost] [info] ExtensionService#loadCommonJSModule file:///home/vscode/.vscode-server/extensions/mariusvanwijk-joppekoers.codam-norminette-3-4.4.5/out/extension
[2021-10-05 07:47:56.241] [exthost] [info] ExtensionService#_doActivateExtension kube.42header {"startup":false,"extensionId":{"value":"kube.42header","_lower":"kube.42header"},"activationEvent":"*"}
[2021-10-05 07:47:56.242] [exthost] [info] ExtensionService#loadCommonJSModule file:///home/vscode/.vscode-server/extensions/kube.42header-0.42.9/out/src/extension
[2021-10-05 07:47:57.065] [exthost] [info] ExtensionService#_doActivateExtension ms-vscode.cpptools {"startup":false,"extensionId":{"value":"ms-vscode.cpptools","_lower":"ms-vscode.cpptools"},"activationEvent":"*"}
[2021-10-05 07:47:57.066] [exthost] [info] ExtensionService#loadCommonJSModule file:///home/vscode/.vscode-server/extensions/ms-vscode.cpptools-1.6.0/dist/main
[2021-10-05 07:49:41.001] [exthost] [info] ExtensionService#_doActivateExtension DamianKoper.gdb-debug {"startup":false,"extensionId":{"value":"DamianKoper.gdb-debug","_lower":"damiankoper.gdb-debug"},"activationEvent":"onDebug"}
[2021-10-05 07:49:41.003] [exthost] [info] ExtensionService#loadCommonJSModule file:///home/vscode/.vscode-server/extensions/damiankoper.gdb-debug-1.0.7/out/extension
[2021-10-05 07:49:41.095] [exthost] [info] ExtensionService#_doActivateExtension vscode.debug-server-ready {"startup":false,"extensionId":{"value":"vscode.debug-server-ready","_lower":"vscode.debug-server-ready"},"activationEvent":"onDebugResolve"}
[2021-10-05 07:49:41.096] [exthost] [info] ExtensionService#loadCommonJSModule file:///home/vscode/.vscode-server/bin/7f6ab5485bbc008386c4386d08766667e155244e/extensions/debug-server-ready/dist/extension
[2021-10-05 07:49:41.124] [exthost] [info] ExtensionService#_doActivateExtension vscode.grunt {"startup":false,"extensionId":{"value":"vscode.grunt","_lower":"vscode.grunt"},"activationEvent":"onCommand:workbench.action.tasks.runTask"}
[2021-10-05 07:49:41.124] [exthost] [info] ExtensionService#loadCommonJSModule file:///home/vscode/.vscode-server/bin/7f6ab5485bbc008386c4386d08766667e155244e/extensions/grunt/dist/main
[2021-10-05 07:49:41.135] [exthost] [info] ExtensionService#_doActivateExtension vscode.gulp {"startup":false,"extensionId":{"value":"vscode.gulp","_lower":"vscode.gulp"},"activationEvent":"onCommand:workbench.action.tasks.runTask"}
[2021-10-05 07:49:41.136] [exthost] [info] ExtensionService#loadCommonJSModule file:///home/vscode/.vscode-server/bin/7f6ab5485bbc008386c4386d08766667e155244e/extensions/gulp/dist/main
[2021-10-05 07:49:41.148] [exthost] [info] ExtensionService#_doActivateExtension vscode.jake {"startup":false,"extensionId":{"value":"vscode.jake","_lower":"vscode.jake"},"activationEvent":"onCommand:workbench.action.tasks.runTask"}
[2021-10-05 07:49:41.148] [exthost] [info] ExtensionService#loadCommonJSModule file:///home/vscode/.vscode-server/bin/7f6ab5485bbc008386c4386d08766667e155244e/extensions/jake/dist/main
[2021-10-05 07:49:41.158] [exthost] [info] ExtensionService#_doActivateExtension vscode.npm {"startup":false,"extensionId":{"value":"vscode.npm","_lower":"vscode.npm"},"activationEvent":"onCommand:workbench.action.tasks.runTask"}
[2021-10-05 07:49:41.159] [exthost] [info] ExtensionService#loadCommonJSModule file:///home/vscode/.vscode-server/bin/7f6ab5485bbc008386c4386d08766667e155244e/extensions/npm/dist/npmMain
[2021-10-05 07:49:41.208] [exthost] [info] ExtensionService#_doActivateExtension vscode.typescript-language-features {"startup":false,"extensionId":{"value":"vscode.typescript-language-features","_lower":"vscode.typescript-language-features"},"activationEvent":"onCommand:workbench.action.tasks.runTask"}
[2021-10-05 07:49:41.209] [exthost] [info] ExtensionService#loadCommonJSModule file:///home/vscode/.vscode-server/bin/7f6ab5485bbc008386c4386d08766667e155244e/extensions/typescript-language-features/dist/extension
[2021-10-05 07:51:52.016] [exthost] [info] ExtensionService#_doActivateExtension vscode.configuration-editing {"startup":false,"extensionId":{"value":"vscode.configuration-editing","_lower":"vscode.configuration-editing"},"activationEvent":"onLanguage:jsonc"}
[2021-10-05 07:51:52.017] [exthost] [info] ExtensionService#loadCommonJSModule file:///home/vscode/.vscode-server/bin/7f6ab5485bbc008386c4386d08766667e155244e/extensions/configuration-editing/dist/configurationEditingMain
[2021-10-05 07:51:52.033] [exthost] [info] ExtensionService#_doActivateExtension vscode.json-language-features {"startup":false,"extensionId":{"value":"vscode.json-language-features","_lower":"vscode.json-language-features"},"activationEvent":"onLanguage:jsonc"}
[2021-10-05 07:51:52.034] [exthost] [info] ExtensionService#loadCommonJSModule file:///home/vscode/.vscode-server/bin/7f6ab5485bbc008386c4386d08766667e155244e/extensions/json-language-features/client/dist/node/jsonClientMain
[2021-10-05 07:52:33.817] [exthost] [info] extension host terminating: received terminate message from renderer
[2021-10-05 07:52:33.819] [exthost] [info] Lock '/home/vscode/.vscode-server/data/User/workspaceStorage/ca60a3ff539a67341789ef9e4884f685/vscode.lock': Marking the lockfile as scheduled to be released in 6000 ms.
[2021-10-05 07:52:34.860] [exthost] [info] exiting with code 0
