[2021-10-05 07:59:43.553] [exthost] [info] extension host started
[2021-10-05 07:59:43.619] [exthost] [info] ExtensionService#_doActivateExtension vscode.debug-auto-launch {"startup":true,"extensionId":{"value":"vscode.debug-auto-launch","_lower":"vscode.debug-auto-launch"},"activationEvent":"*"}
[2021-10-05 07:59:43.621] [exthost] [info] ExtensionService#loadCommonJSModule file:///home/vscode/.vscode-server/bin/7f6ab5485bbc008386c4386d08766667e155244e/extensions/debug-auto-launch/dist/extension
[2021-10-05 07:59:43.643] [exthost] [info] ExtensionService#_doActivateExtension vscode.git {"startup":true,"extensionId":{"value":"vscode.github","_lower":"vscode.github"},"activationEvent":"*"}
[2021-10-05 07:59:43.643] [exthost] [info] ExtensionService#loadCommonJSModule file:///home/vscode/.vscode-server/bin/7f6ab5485bbc008386c4386d08766667e155244e/extensions/git/dist/main
[2021-10-05 07:59:43.761] [exthost] [info] ExtensionService#_doActivateExtension kube.42header {"startup":true,"extensionId":{"value":"kube.42header","_lower":"kube.42header"},"activationEvent":"*"}
[2021-10-05 07:59:43.762] [exthost] [info] ExtensionService#loadCommonJSModule file:///home/vscode/.vscode-server/extensions/kube.42header-0.42.9/out/src/extension
[2021-10-05 07:59:43.785] [exthost] [info] ExtensionService#_doActivateExtension MariusvanWijk-JoppeKoers.codam-norminette-3 {"startup":true,"extensionId":{"value":"MariusvanWijk-JoppeKoers.codam-norminette-3","_lower":"mariusvanwijk-joppekoers.codam-norminette-3"},"activationEvent":"*"}
[2021-10-05 07:59:43.785] [exthost] [info] ExtensionService#loadCommonJSModule file:///home/vscode/.vscode-server/extensions/mariusvanwijk-joppekoers.codam-norminette-3-4.4.5/out/extension
[2021-10-05 07:59:43.814] [exthost] [info] Lock '/home/vscode/.vscode-server/data/User/workspaceStorage/ca60a3ff539a67341789ef9e4884f685/vscode.lock': Lock acquired.
[2021-10-05 07:59:44.034] [exthost] [info] ExtensionService#_doActivateExtension vscode.github {"startup":true,"extensionId":{"value":"vscode.github","_lower":"vscode.github"},"activationEvent":"*"}
[2021-10-05 07:59:44.035] [exthost] [info] ExtensionService#loadCommonJSModule file:///home/vscode/.vscode-server/bin/7f6ab5485bbc008386c4386d08766667e155244e/extensions/github/dist/extension.js
[2021-10-05 07:59:44.071] [exthost] [info] ExtensionService#_doActivateExtension vscode.emmet {"startup":false,"extensionId":{"value":"vscode.emmet","_lower":"vscode.emmet"},"activationEvent":"onStartupFinished"}
[2021-10-05 07:59:44.072] [exthost] [info] ExtensionService#loadCommonJSModule file:///home/vscode/.vscode-server/bin/7f6ab5485bbc008386c4386d08766667e155244e/extensions/emmet/dist/node/emmetNodeMain
[2021-10-05 07:59:44.103] [exthost] [info] ExtensionService#_doActivateExtension vscode.merge-conflict {"startup":false,"extensionId":{"value":"vscode.merge-conflict","_lower":"vscode.merge-conflict"},"activationEvent":"onStartupFinished"}
[2021-10-05 07:59:44.104] [exthost] [info] ExtensionService#loadCommonJSModule file:///home/vscode/.vscode-server/bin/7f6ab5485bbc008386c4386d08766667e155244e/extensions/merge-conflict/dist/mergeConflictMain
[2021-10-05 07:59:44.113] [exthost] [info] eager extensions activated
[2021-10-05 07:59:44.154] [exthost] [info] ExtensionService#_doActivateExtension ms-vscode.js-debug {"startup":false,"extensionId":{"value":"ms-vscode.js-debug","_lower":"ms-vscode.js-debug"},"activationEvent":"onCommand:extension.js-debug.clearAutoAttachVariables"}
[2021-10-05 07:59:44.155] [exthost] [info] ExtensionService#loadCommonJSModule file:///home/vscode/.vscode-server/bin/7f6ab5485bbc008386c4386d08766667e155244e/extensions/ms-vscode.js-debug/src/extension.js
[2021-10-05 07:59:46.329] [exthost] [info] extension host terminating: received terminate message from renderer
[2021-10-05 07:59:46.334] [exthost] [info] Lock '/home/vscode/.vscode-server/data/User/workspaceStorage/ca60a3ff539a67341789ef9e4884f685/vscode.lock': Marking the lockfile as scheduled to be released in 6000 ms.
[2021-10-05 07:59:47.345] [exthost] [info] exiting with code 0
